{
  "stats": {
    "suites": 1,
    "tests": 4,
    "passes": 4,
    "pending": 0,
    "failures": 0,
    "start": "2021-03-08T13:44:08.128Z",
    "end": "2021-03-08T13:44:09.948Z",
    "duration": 1820,
    "testsRegistered": 4,
    "passPercent": 100,
    "pendingPercent": 0,
    "other": 0,
    "hasOther": false,
    "skipped": 0,
    "hasSkipped": false
  },
  "results": [
    {
      "uuid": "1a1c15b9-6ae2-46ab-86ef-7e66d0331929",
      "title": "",
      "fullFile": "cypress\\integration\\api\\api_test_1_spec.js",
      "file": "cypress\\integration\\api\\api_test_1_spec.js",
      "beforeHooks": [],
      "afterHooks": [],
      "tests": [],
      "suites": [
        {
          "uuid": "d8e6252d-b65d-4c7f-8977-81b865716555",
          "title": "All API tests",
          "fullFile": "",
          "file": "",
          "beforeHooks": [],
          "afterHooks": [],
          "tests": [
            {
              "title": "GET 1",
              "fullTitle": "All API tests GET 1",
              "timedOut": null,
              "duration": 935,
              "state": "passed",
              "speed": "slow",
              "pass": true,
              "fail": false,
              "pending": false,
              "context": null,
              "code": "cy.request('GET', '/users?page=2').then(function (response) {\n  expect(response).to.have.property('status', 200);\n  expect(response.status).to.equal(200);\n  expect(response.body).not.to.be[\"null\"];\n  expect(response.body).to.have.property('page', 2);\n  expect(response.body.data).to.have.length(6);\n});",
              "err": {},
              "uuid": "a58c3ec0-51f5-459c-a52b-8f61ba3b261a",
              "parentUUID": "d8e6252d-b65d-4c7f-8977-81b865716555",
              "isHook": false,
              "skipped": false
            },
            {
              "title": "GET 2",
              "fullTitle": "All API tests GET 2",
              "timedOut": null,
              "duration": 259,
              "state": "passed",
              "speed": "slow",
              "pass": true,
              "fail": false,
              "pending": false,
              "context": null,
              "code": "cy.request('GET', '/users?page=2').as('user_list');\ncy.get('@user_list').should(function (response) {\n  expect(response).to.have.property('status', 200);\n  expect(response.status).to.equal(200);\n  expect(response.body).not.to.be[\"null\"];\n  expect(response.body).to.have.property('page', 2);\n  expect(response.body.data).to.have.length(6);\n});",
              "err": {},
              "uuid": "e135d5e4-320a-485b-b963-e01f53d363ad",
              "parentUUID": "d8e6252d-b65d-4c7f-8977-81b865716555",
              "isHook": false,
              "skipped": false
            },
            {
              "title": "POST 1",
              "fullTitle": "All API tests POST 1",
              "timedOut": null,
              "duration": 274,
              "state": "passed",
              "speed": "slow",
              "pass": true,
              "fail": false,
              "pending": false,
              "context": null,
              "code": "cy.request({\n  'method': 'POST',\n  'url': '/api/users',\n  body: {\n    \"name\": \"Raghav\",\n    \"job\": \"Teacher\"\n  }\n}).then(function (response) {\n  expect(response).to.have.property('status', 201);\n  expect(response.status).to.equal(201);\n  expect(response.body).not.to.be[\"null\"];\n});",
              "err": {},
              "uuid": "c61b383e-315e-47bd-a054-4b8ec7af4e1e",
              "parentUUID": "d8e6252d-b65d-4c7f-8977-81b865716555",
              "isHook": false,
              "skipped": false
            },
            {
              "title": "PUT 1",
              "fullTitle": "All API tests PUT 1",
              "timedOut": null,
              "duration": 265,
              "state": "passed",
              "speed": "slow",
              "pass": true,
              "fail": false,
              "pending": false,
              "context": null,
              "code": "cy.request({\n  'method': 'PUT',\n  'url': '/users/2',\n  body: {\n    \"name\": \"John\",\n    \"job\": \"Engineer\"\n  }\n}).then(function (response) {\n  expect(response).to.have.property('status', 200);\n  expect(response.status).to.equal(200);\n  expect(response.body).not.to.be[\"null\"];\n});\nit('DELETE 1', function () {\n  cy.request({\n    'method': 'DELETE',\n    'url': '/users/2'\n  }).then(function (response) {\n    expect(response).to.have.property('status', 204);\n    expect(response.status).to.equal(204);\n    expect(response.body).not.to.be[\"null\"];\n  });\n});",
              "err": {},
              "uuid": "1eed4f95-3e54-4ffe-914b-e94cbf5775be",
              "parentUUID": "d8e6252d-b65d-4c7f-8977-81b865716555",
              "isHook": false,
              "skipped": false
            }
          ],
          "suites": [],
          "passes": [
            "a58c3ec0-51f5-459c-a52b-8f61ba3b261a",
            "e135d5e4-320a-485b-b963-e01f53d363ad",
            "c61b383e-315e-47bd-a054-4b8ec7af4e1e",
            "1eed4f95-3e54-4ffe-914b-e94cbf5775be"
          ],
          "failures": [],
          "pending": [],
          "skipped": [],
          "duration": 1733,
          "root": false,
          "rootEmpty": false,
          "_timeout": 2000
        }
      ],
      "passes": [],
      "failures": [],
      "pending": [],
      "skipped": [],
      "duration": 0,
      "root": true,
      "rootEmpty": true,
      "_timeout": 2000
    }
  ],
  "meta": {
    "mocha": {
      "version": "7.0.1"
    },
    "mochawesome": {
      "options": {
        "quiet": false,
        "reportFilename": "mochawesome",
        "saveHtml": false,
        "saveJson": true,
        "consoleReporter": "spec",
        "useInlineDiffs": false,
        "code": true
      },
      "version": "6.2.2"
    },
    "marge": {
      "options": {
        "reportDir": "cypress/results/json",
        "overwrite": false,
        "html": false,
        "json": true
      },
      "version": "5.2.0"
    }
  }
}