{
  "stats": {
    "suites": 1,
    "tests": 3,
    "passes": 3,
    "pending": 0,
    "failures": 0,
    "start": "2021-03-08T11:07:21.358Z",
    "end": "2021-03-08T11:07:21.884Z",
    "duration": 526,
    "testsRegistered": 3,
    "passPercent": 100,
    "pendingPercent": 0,
    "other": 0,
    "hasOther": false,
    "skipped": 0,
    "hasSkipped": false
  },
  "results": [
    {
      "uuid": "c8a2b550-22b0-420b-b4d1-7f394f8c11ce",
      "title": "",
      "fullFile": "cypress\\integration\\ReadWriteFileSpec.ts",
      "file": "cypress\\integration\\ReadWriteFileSpec.ts",
      "beforeHooks": [],
      "afterHooks": [],
      "tests": [],
      "suites": [
        {
          "uuid": "5f45806d-95f0-4fe3-8d92-4b5c5b7cb8ce",
          "title": "read write file demo",
          "fullFile": "",
          "file": "",
          "beforeHooks": [],
          "afterHooks": [],
          "tests": [
            {
              "title": "read file using fixture",
              "fullTitle": "read write file demo read file using fixture",
              "timedOut": null,
              "duration": 177,
              "state": "passed",
              "speed": "slow",
              "pass": true,
              "fail": false,
              "pending": false,
              "context": null,
              "code": "cy.fixture('example.json')\n    .its('name').should('eq', 'cypress');\ncy.log(this.data.name);\ncy.log(this.data.email);",
              "err": {},
              "uuid": "a2b909ec-b57d-44dd-88f8-09603205e387",
              "parentUUID": "5f45806d-95f0-4fe3-8d92-4b5c5b7cb8ce",
              "isHook": false,
              "skipped": false
            },
            {
              "title": "read file using read file command",
              "fullTitle": "read write file demo read file using read file command",
              "timedOut": null,
              "duration": 170,
              "state": "passed",
              "speed": "slow",
              "pass": true,
              "fail": false,
              "pending": false,
              "context": null,
              "code": "cy.readFile('./cypress/fixtures/example.json')\n    .its('name').should('eq', 'cypress');",
              "err": {},
              "uuid": "31cc7fce-5326-49f3-99d6-68175a8cf646",
              "parentUUID": "5f45806d-95f0-4fe3-8d92-4b5c5b7cb8ce",
              "isHook": false,
              "skipped": false
            },
            {
              "title": "write file demo",
              "fullTitle": "read write file demo write file demo",
              "timedOut": null,
              "duration": 69,
              "state": "passed",
              "speed": "medium",
              "pass": true,
              "fail": false,
              "pending": false,
              "context": null,
              "code": "cy.writeFile('./sample.txt', 'Hello I am learning cypress');\ncy.writeFile('./sample.txt', 'This is interesting', { flag: 'a+' });",
              "err": {},
              "uuid": "3effe606-3a41-4548-bee7-1e50fb16ce55",
              "parentUUID": "5f45806d-95f0-4fe3-8d92-4b5c5b7cb8ce",
              "isHook": false,
              "skipped": false
            }
          ],
          "suites": [],
          "passes": [
            "a2b909ec-b57d-44dd-88f8-09603205e387",
            "31cc7fce-5326-49f3-99d6-68175a8cf646",
            "3effe606-3a41-4548-bee7-1e50fb16ce55"
          ],
          "failures": [],
          "pending": [],
          "skipped": [],
          "duration": 416,
          "root": false,
          "rootEmpty": false,
          "_timeout": 2000
        }
      ],
      "passes": [],
      "failures": [],
      "pending": [],
      "skipped": [],
      "duration": 0,
      "root": true,
      "rootEmpty": true,
      "_timeout": 2000
    }
  ],
  "meta": {
    "mocha": {
      "version": "7.0.1"
    },
    "mochawesome": {
      "options": {
        "quiet": false,
        "reportFilename": "mochawesome",
        "saveHtml": false,
        "saveJson": true,
        "consoleReporter": "spec",
        "useInlineDiffs": false,
        "code": true
      },
      "version": "6.2.2"
    },
    "marge": {
      "options": {
        "reportDir": "cypress/results/json",
        "overwrite": false,
        "html": false,
        "json": true
      },
      "version": "5.2.0"
    }
  }
}