{
  "stats": {
    "suites": 0,
    "tests": 1,
    "passes": 0,
    "pending": 0,
    "failures": 1,
    "start": "2021-03-07T13:17:34.427Z",
    "end": "2021-03-07T13:17:35.182Z",
    "duration": 755,
    "testsRegistered": 1,
    "passPercent": 0,
    "pendingPercent": 0,
    "other": 0,
    "hasOther": false,
    "skipped": 0,
    "hasSkipped": false
  },
  "results": [
    {
      "uuid": "2c9d57f2-4c65-4074-a020-53e350af7c0f",
      "title": "",
      "fullFile": "cypress\\integration\\api\\api_test_1_spec.js",
      "file": "cypress\\integration\\api\\api_test_1_spec.js",
      "beforeHooks": [],
      "afterHooks": [],
      "tests": [
        {
          "title": "An uncaught error was detected outside of a test",
          "fullTitle": "An uncaught error was detected outside of a test",
          "timedOut": null,
          "duration": 587,
          "state": "failed",
          "speed": null,
          "pass": false,
          "fail": true,
          "pending": false,
          "context": "{\n  \"title\": \"Failed screenshot\",\n  \"value\": \"screenshots\\\\api\\\\api_test_1_spec.js\\\\An uncaught error was detected outside of a test (failed).png\"\n}",
          "code": "throw err;",
          "err": {
            "message": "TypeError: The following error originated from your test code, not from Cypress.\n\n  > it(...).then is not a function\n\nWhen Cypress detects uncaught errors originating from your test code it will automatically fail the current test.\n\nCypress could not associate this error to any specific test.\n\nWe dynamically generated a new test to display this failure.",
            "estack": "TypeError: The following error originated from your test code, not from Cypress.\n\n  > it(...).then is not a function\n\nWhen Cypress detects uncaught errors originating from your test code it will automatically fail the current test.\n\nCypress could not associate this error to any specific test.\n\nWe dynamically generated a new test to display this failure.\n    at Suite.eval (http://localhost:65449/__cypress/tests?p=cypress\\integration\\api\\api_test_1_spec.js:129:6)\n    at Object../cypress/integration/api/api_test_1_spec.js (http://localhost:65449/__cypress/tests?p=cypress\\integration\\api\\api_test_1_spec.js:99:1)\n    at __webpack_require__ (http://localhost:65449/__cypress/tests?p=cypress\\integration\\api\\api_test_1_spec.js:20:30)\n    at Object.0 (http://localhost:65449/__cypress/tests?p=cypress\\integration\\api\\api_test_1_spec.js:147:18)\n    at __webpack_require__ (http://localhost:65449/__cypress/tests?p=cypress\\integration\\api\\api_test_1_spec.js:20:30)\n    at eval (http://localhost:65449/__cypress/tests?p=cypress\\integration\\api\\api_test_1_spec.js:84:18)\n    at eval (http://localhost:65449/__cypress/tests?p=cypress\\integration\\api\\api_test_1_spec.js:87:10)\n    at eval (<anonymous>)",
            "diff": null
          },
          "uuid": "c0c31a8a-6df8-47de-96a2-c266c87daa1f",
          "parentUUID": "2c9d57f2-4c65-4074-a020-53e350af7c0f",
          "isHook": false,
          "skipped": false
        }
      ],
      "suites": [],
      "passes": [],
      "failures": [
        "c0c31a8a-6df8-47de-96a2-c266c87daa1f"
      ],
      "pending": [],
      "skipped": [],
      "duration": 587,
      "root": true,
      "rootEmpty": false,
      "_timeout": 2000
    }
  ],
  "meta": {
    "mocha": {
      "version": "7.0.1"
    },
    "mochawesome": {
      "options": {
        "quiet": false,
        "reportFilename": "mochawesome",
        "saveHtml": false,
        "saveJson": true,
        "consoleReporter": "spec",
        "useInlineDiffs": false,
        "code": true
      },
      "version": "6.2.2"
    },
    "marge": {
      "options": {
        "reportDir": "cypress/results/json",
        "overwrite": false,
        "html": false,
        "json": true
      },
      "version": "5.2.0"
    }
  }
}