{
  "stats": {
    "suites": 1,
    "tests": 4,
    "passes": 4,
    "pending": 0,
    "failures": 0,
    "start": "2021-03-08T15:10:28.830Z",
    "end": "2021-03-08T15:10:30.752Z",
    "duration": 1922,
    "testsRegistered": 4,
    "passPercent": 100,
    "pendingPercent": 0,
    "other": 0,
    "hasOther": false,
    "skipped": 0,
    "hasSkipped": false
  },
  "results": [
    {
      "uuid": "3a9b1f30-fdab-4bef-8988-3937ddc0adcc",
      "title": "",
      "fullFile": "cypress\\integration\\api\\api_test_1_spec.js",
      "file": "cypress\\integration\\api\\api_test_1_spec.js",
      "beforeHooks": [],
      "afterHooks": [],
      "tests": [],
      "suites": [
        {
          "uuid": "4e07cd5b-c6fc-4bb6-a7c5-43060ef84e45",
          "title": "All API tests",
          "fullFile": "",
          "file": "",
          "beforeHooks": [],
          "afterHooks": [],
          "tests": [
            {
              "title": "GET 1",
              "fullTitle": "All API tests GET 1",
              "timedOut": null,
              "duration": 845,
              "state": "passed",
              "speed": "slow",
              "pass": true,
              "fail": false,
              "pending": false,
              "context": null,
              "code": "cy.request('GET', '/users?page=2').then(function (response) {\n  expect(response).to.have.property('status', 200);\n  expect(response.status).to.equal(200);\n  expect(response.body).not.to.be[\"null\"];\n  expect(response.body).to.have.property('page', 2);\n  expect(response.body.data).to.have.length(6);\n});",
              "err": {},
              "uuid": "1435b5d1-3a9f-42ad-9122-30ab7e2e5547",
              "parentUUID": "4e07cd5b-c6fc-4bb6-a7c5-43060ef84e45",
              "isHook": false,
              "skipped": false
            },
            {
              "title": "GET 2",
              "fullTitle": "All API tests GET 2",
              "timedOut": null,
              "duration": 429,
              "state": "passed",
              "speed": "slow",
              "pass": true,
              "fail": false,
              "pending": false,
              "context": null,
              "code": "cy.request('GET', '/users?page=2').as('user_list');\ncy.get('@user_list').should(function (response) {\n  expect(response).to.have.property('status', 200);\n  expect(response.status).to.equal(200);\n  expect(response.body).not.to.be[\"null\"];\n  expect(response.body).to.have.property('page', 2);\n  expect(response.body.data).to.have.length(6);\n});",
              "err": {},
              "uuid": "2cfe984a-a6fe-43dd-baa0-8e4aae51d675",
              "parentUUID": "4e07cd5b-c6fc-4bb6-a7c5-43060ef84e45",
              "isHook": false,
              "skipped": false
            },
            {
              "title": "POST 1",
              "fullTitle": "All API tests POST 1",
              "timedOut": null,
              "duration": 279,
              "state": "passed",
              "speed": "slow",
              "pass": true,
              "fail": false,
              "pending": false,
              "context": null,
              "code": "cy.request({\n  'method': 'POST',\n  'url': '/api/users',\n  body: {\n    \"name\": \"Raghav\",\n    \"job\": \"Teacher\"\n  }\n}).then(function (response) {\n  expect(response).to.have.property('status', 201);\n  expect(response.status).to.equal(201);\n  expect(response.body).not.to.be[\"null\"];\n});",
              "err": {},
              "uuid": "b59ad22e-113d-421a-8cc0-5eea2be7acbd",
              "parentUUID": "4e07cd5b-c6fc-4bb6-a7c5-43060ef84e45",
              "isHook": false,
              "skipped": false
            },
            {
              "title": "PUT 1",
              "fullTitle": "All API tests PUT 1",
              "timedOut": null,
              "duration": 241,
              "state": "passed",
              "speed": "slow",
              "pass": true,
              "fail": false,
              "pending": false,
              "context": null,
              "code": "cy.request({\n  'method': 'PUT',\n  'url': '/users/2',\n  body: {\n    \"name\": \"John\",\n    \"job\": \"Engineer\"\n  }\n}).then(function (response) {\n  expect(response).to.have.property('status', 200);\n  expect(response.status).to.equal(200);\n  expect(response.body).not.to.be[\"null\"];\n});\nit('DELETE 1', function () {\n  cy.request({\n    'method': 'DELETE',\n    'url': '/users/2'\n  }).then(function (response) {\n    expect(response).to.have.property('status', 204);\n    expect(response.status).to.equal(204);\n    expect(response.body).not.to.be[\"null\"];\n  });\n});",
              "err": {},
              "uuid": "ec489b4f-6a80-47ff-9a45-fdebd6650fd6",
              "parentUUID": "4e07cd5b-c6fc-4bb6-a7c5-43060ef84e45",
              "isHook": false,
              "skipped": false
            }
          ],
          "suites": [],
          "passes": [
            "1435b5d1-3a9f-42ad-9122-30ab7e2e5547",
            "2cfe984a-a6fe-43dd-baa0-8e4aae51d675",
            "b59ad22e-113d-421a-8cc0-5eea2be7acbd",
            "ec489b4f-6a80-47ff-9a45-fdebd6650fd6"
          ],
          "failures": [],
          "pending": [],
          "skipped": [],
          "duration": 1794,
          "root": false,
          "rootEmpty": false,
          "_timeout": 2000
        }
      ],
      "passes": [],
      "failures": [],
      "pending": [],
      "skipped": [],
      "duration": 0,
      "root": true,
      "rootEmpty": true,
      "_timeout": 2000
    }
  ],
  "meta": {
    "mocha": {
      "version": "7.0.1"
    },
    "mochawesome": {
      "options": {
        "quiet": false,
        "reportFilename": "mochawesome",
        "saveHtml": false,
        "saveJson": true,
        "consoleReporter": "spec",
        "useInlineDiffs": false,
        "code": true
      },
      "version": "6.2.2"
    },
    "marge": {
      "options": {
        "reportDir": "cypress/results/json",
        "overwrite": false,
        "html": false,
        "json": true
      },
      "version": "5.2.0"
    }
  }
}