{
  "stats": {
    "suites": 1,
    "tests": 4,
    "passes": 4,
    "pending": 0,
    "failures": 0,
    "start": "2021-03-07T16:09:35.121Z",
    "end": "2021-03-07T16:09:37.075Z",
    "duration": 1954,
    "testsRegistered": 4,
    "passPercent": 100,
    "pendingPercent": 0,
    "other": 0,
    "hasOther": false,
    "skipped": 0,
    "hasSkipped": false
  },
  "results": [
    {
      "uuid": "f584fbc1-dd85-4709-b3f1-6876587d7606",
      "title": "",
      "fullFile": "cypress\\integration\\api\\api_test_1_spec.js",
      "file": "cypress\\integration\\api\\api_test_1_spec.js",
      "beforeHooks": [],
      "afterHooks": [],
      "tests": [],
      "suites": [
        {
          "uuid": "dce09517-ad90-4eaa-8647-f04cd74017d5",
          "title": "All API tests",
          "fullFile": "",
          "file": "",
          "beforeHooks": [],
          "afterHooks": [],
          "tests": [
            {
              "title": "GET 1",
              "fullTitle": "All API tests GET 1",
              "timedOut": null,
              "duration": 1179,
              "state": "passed",
              "speed": "slow",
              "pass": true,
              "fail": false,
              "pending": false,
              "context": null,
              "code": "cy.request('GET', '/users?page=2').then(function (response) {\n  expect(response).to.have.property('status', 200);\n  expect(response.status).to.equal(200);\n  expect(response.body).not.to.be[\"null\"];\n  expect(response.body).to.have.property('page', 2);\n  expect(response.body.data).to.have.length(6);\n});",
              "err": {},
              "uuid": "37acc81f-0d19-4217-93b7-3d235914db17",
              "parentUUID": "dce09517-ad90-4eaa-8647-f04cd74017d5",
              "isHook": false,
              "skipped": false
            },
            {
              "title": "GET 2",
              "fullTitle": "All API tests GET 2",
              "timedOut": null,
              "duration": 240,
              "state": "passed",
              "speed": "slow",
              "pass": true,
              "fail": false,
              "pending": false,
              "context": null,
              "code": "cy.request('GET', '/users?page=2').as('user_list');\ncy.get('@user_list').should(function (response) {\n  expect(response).to.have.property('status', 200);\n  expect(response.status).to.equal(200);\n  expect(response.body).not.to.be[\"null\"];\n  expect(response.body).to.have.property('page', 2);\n  expect(response.body.data).to.have.length(6);\n});",
              "err": {},
              "uuid": "6dd31dfe-167c-4cf0-9ba4-c8442f143e81",
              "parentUUID": "dce09517-ad90-4eaa-8647-f04cd74017d5",
              "isHook": false,
              "skipped": false
            },
            {
              "title": "POST 1",
              "fullTitle": "All API tests POST 1",
              "timedOut": null,
              "duration": 236,
              "state": "passed",
              "speed": "slow",
              "pass": true,
              "fail": false,
              "pending": false,
              "context": null,
              "code": "cy.request({\n  'method': 'POST',\n  'url': '/api/users',\n  body: {\n    \"name\": \"Raghav\",\n    \"job\": \"Teacher\"\n  }\n}).then(function (response) {\n  expect(response).to.have.property('status', 201);\n  expect(response.status).to.equal(201);\n  expect(response.body).not.to.be[\"null\"];\n});",
              "err": {},
              "uuid": "98d259dc-86e2-4885-ba46-ab3debeec4ce",
              "parentUUID": "dce09517-ad90-4eaa-8647-f04cd74017d5",
              "isHook": false,
              "skipped": false
            },
            {
              "title": "PUT 1",
              "fullTitle": "All API tests PUT 1",
              "timedOut": null,
              "duration": 221,
              "state": "passed",
              "speed": "slow",
              "pass": true,
              "fail": false,
              "pending": false,
              "context": null,
              "code": "cy.request({\n  'method': 'PUT',\n  'url': '/users/2',\n  body: {\n    \"name\": \"John\",\n    \"job\": \"Engineer\"\n  }\n}).then(function (response) {\n  expect(response).to.have.property('status', 200);\n  expect(response.status).to.equal(200);\n  expect(response.body).not.to.be[\"null\"];\n});\nit('DELETE 1', function () {\n  cy.request({\n    'method': 'DELETE',\n    'url': '/users/2'\n  }).then(function (response) {\n    expect(response).to.have.property('status', 204);\n    expect(response.status).to.equal(204);\n    expect(response.body).not.to.be[\"null\"];\n  });\n});",
              "err": {},
              "uuid": "fc64efae-5f3e-4118-8d55-4662b3162f02",
              "parentUUID": "dce09517-ad90-4eaa-8647-f04cd74017d5",
              "isHook": false,
              "skipped": false
            }
          ],
          "suites": [],
          "passes": [
            "37acc81f-0d19-4217-93b7-3d235914db17",
            "6dd31dfe-167c-4cf0-9ba4-c8442f143e81",
            "98d259dc-86e2-4885-ba46-ab3debeec4ce",
            "fc64efae-5f3e-4118-8d55-4662b3162f02"
          ],
          "failures": [],
          "pending": [],
          "skipped": [],
          "duration": 1876,
          "root": false,
          "rootEmpty": false,
          "_timeout": 2000
        }
      ],
      "passes": [],
      "failures": [],
      "pending": [],
      "skipped": [],
      "duration": 0,
      "root": true,
      "rootEmpty": true,
      "_timeout": 2000
    }
  ],
  "meta": {
    "mocha": {
      "version": "7.0.1"
    },
    "mochawesome": {
      "options": {
        "quiet": false,
        "reportFilename": "mochawesome",
        "saveHtml": false,
        "saveJson": true,
        "consoleReporter": "spec",
        "useInlineDiffs": false,
        "code": true
      },
      "version": "6.2.2"
    },
    "marge": {
      "options": {
        "reportDir": "cypress/results/json",
        "overwrite": false,
        "html": false,
        "json": true
      },
      "version": "5.2.0"
    }
  }
}