{
  "stats": {
    "suites": 1,
    "tests": 4,
    "passes": 4,
    "pending": 0,
    "failures": 0,
    "start": "2021-03-08T11:06:08.079Z",
    "end": "2021-03-08T11:06:09.853Z",
    "duration": 1774,
    "testsRegistered": 4,
    "passPercent": 100,
    "pendingPercent": 0,
    "other": 0,
    "hasOther": false,
    "skipped": 0,
    "hasSkipped": false
  },
  "results": [
    {
      "uuid": "696d6905-75b3-4d41-acfe-9dd7c77782e7",
      "title": "",
      "fullFile": "cypress\\integration\\api\\api_test_1_spec.js",
      "file": "cypress\\integration\\api\\api_test_1_spec.js",
      "beforeHooks": [],
      "afterHooks": [],
      "tests": [],
      "suites": [
        {
          "uuid": "94c9cf4f-06df-44ce-8907-edf729fe3919",
          "title": "All API tests",
          "fullFile": "",
          "file": "",
          "beforeHooks": [],
          "afterHooks": [],
          "tests": [
            {
              "title": "GET 1",
              "fullTitle": "All API tests GET 1",
              "timedOut": null,
              "duration": 731,
              "state": "passed",
              "speed": "slow",
              "pass": true,
              "fail": false,
              "pending": false,
              "context": null,
              "code": "cy.request('GET', '/users?page=2').then(function (response) {\n  expect(response).to.have.property('status', 200);\n  expect(response.status).to.equal(200);\n  expect(response.body).not.to.be[\"null\"];\n  expect(response.body).to.have.property('page', 2);\n  expect(response.body.data).to.have.length(6);\n});",
              "err": {},
              "uuid": "1e8e20d1-b1d6-4824-91dd-5d508111329d",
              "parentUUID": "94c9cf4f-06df-44ce-8907-edf729fe3919",
              "isHook": false,
              "skipped": false
            },
            {
              "title": "GET 2",
              "fullTitle": "All API tests GET 2",
              "timedOut": null,
              "duration": 233,
              "state": "passed",
              "speed": "slow",
              "pass": true,
              "fail": false,
              "pending": false,
              "context": null,
              "code": "cy.request('GET', '/users?page=2').as('user_list');\ncy.get('@user_list').should(function (response) {\n  expect(response).to.have.property('status', 200);\n  expect(response.status).to.equal(200);\n  expect(response.body).not.to.be[\"null\"];\n  expect(response.body).to.have.property('page', 2);\n  expect(response.body.data).to.have.length(6);\n});",
              "err": {},
              "uuid": "f4802ab6-1a0a-45c1-860d-52ed8604c5bf",
              "parentUUID": "94c9cf4f-06df-44ce-8907-edf729fe3919",
              "isHook": false,
              "skipped": false
            },
            {
              "title": "POST 1",
              "fullTitle": "All API tests POST 1",
              "timedOut": null,
              "duration": 321,
              "state": "passed",
              "speed": "slow",
              "pass": true,
              "fail": false,
              "pending": false,
              "context": null,
              "code": "cy.request({\n  'method': 'POST',\n  'url': '/api/users',\n  body: {\n    \"name\": \"Raghav\",\n    \"job\": \"Teacher\"\n  }\n}).then(function (response) {\n  expect(response).to.have.property('status', 201);\n  expect(response.status).to.equal(201);\n  expect(response.body).not.to.be[\"null\"];\n});",
              "err": {},
              "uuid": "8d78a35b-37cd-4fef-9504-33697b7998b6",
              "parentUUID": "94c9cf4f-06df-44ce-8907-edf729fe3919",
              "isHook": false,
              "skipped": false
            },
            {
              "title": "PUT 1",
              "fullTitle": "All API tests PUT 1",
              "timedOut": null,
              "duration": 413,
              "state": "passed",
              "speed": "slow",
              "pass": true,
              "fail": false,
              "pending": false,
              "context": null,
              "code": "cy.request({\n  'method': 'PUT',\n  'url': '/users/2',\n  body: {\n    \"name\": \"John\",\n    \"job\": \"Engineer\"\n  }\n}).then(function (response) {\n  expect(response).to.have.property('status', 200);\n  expect(response.status).to.equal(200);\n  expect(response.body).not.to.be[\"null\"];\n});\nit('DELETE 1', function () {\n  cy.request({\n    'method': 'DELETE',\n    'url': '/users/2'\n  }).then(function (response) {\n    expect(response).to.have.property('status', 204);\n    expect(response.status).to.equal(204);\n    expect(response.body).not.to.be[\"null\"];\n  });\n});",
              "err": {},
              "uuid": "87255d7e-7bfc-4dab-a253-5748c2528384",
              "parentUUID": "94c9cf4f-06df-44ce-8907-edf729fe3919",
              "isHook": false,
              "skipped": false
            }
          ],
          "suites": [],
          "passes": [
            "1e8e20d1-b1d6-4824-91dd-5d508111329d",
            "f4802ab6-1a0a-45c1-860d-52ed8604c5bf",
            "8d78a35b-37cd-4fef-9504-33697b7998b6",
            "87255d7e-7bfc-4dab-a253-5748c2528384"
          ],
          "failures": [],
          "pending": [],
          "skipped": [],
          "duration": 1698,
          "root": false,
          "rootEmpty": false,
          "_timeout": 2000
        }
      ],
      "passes": [],
      "failures": [],
      "pending": [],
      "skipped": [],
      "duration": 0,
      "root": true,
      "rootEmpty": true,
      "_timeout": 2000
    }
  ],
  "meta": {
    "mocha": {
      "version": "7.0.1"
    },
    "mochawesome": {
      "options": {
        "quiet": false,
        "reportFilename": "mochawesome",
        "saveHtml": false,
        "saveJson": true,
        "consoleReporter": "spec",
        "useInlineDiffs": false,
        "code": true
      },
      "version": "6.2.2"
    },
    "marge": {
      "options": {
        "reportDir": "cypress/results/json",
        "overwrite": false,
        "html": false,
        "json": true
      },
      "version": "5.2.0"
    }
  }
}