{
  "stats": {
    "suites": 1,
    "tests": 2,
    "passes": 2,
    "pending": 0,
    "failures": 0,
    "start": "2021-03-07T13:23:09.574Z",
    "end": "2021-03-07T13:23:14.334Z",
    "duration": 4760,
    "testsRegistered": 2,
    "passPercent": 100,
    "pendingPercent": 0,
    "other": 0,
    "hasOther": false,
    "skipped": 0,
    "hasSkipped": false
  },
  "results": [
    {
      "uuid": "0a894040-e4ad-4afb-b3d2-ce3574d7ff79",
      "title": "",
      "fullFile": "cypress\\integration\\login.ts",
      "file": "cypress\\integration\\login.ts",
      "beforeHooks": [],
      "afterHooks": [],
      "tests": [],
      "suites": [
        {
          "uuid": "5fb2281c-32d4-4850-9d22-0e2acb04ff62",
          "title": "All login tests",
          "fullFile": "",
          "file": "",
          "beforeHooks": [],
          "afterHooks": [],
          "tests": [
            {
              "title": "login test - valid creds",
              "fullTitle": "All login tests login test - valid creds",
              "timedOut": null,
              "duration": 540,
              "state": "passed",
              "speed": "slow",
              "pass": true,
              "fail": false,
              "pending": false,
              "context": null,
              "code": "//loginPage.loginWithValidCredentials('test', 'test')",
              "err": {},
              "uuid": "ec972bfe-0953-4151-b6cb-e17113aa5313",
              "parentUUID": "5fb2281c-32d4-4850-9d22-0e2acb04ff62",
              "isHook": false,
              "skipped": false
            },
            {
              "title": "login test - invalid creds",
              "fullTitle": "All login tests login test - invalid creds",
              "timedOut": null,
              "duration": 759,
              "state": "passed",
              "speed": "slow",
              "pass": true,
              "fail": false,
              "pending": false,
              "context": null,
              "code": "//loginPage.loginWithInvalidCredentials('abc','123');",
              "err": {},
              "uuid": "274485b7-014a-4e5f-8180-a3530d5db299",
              "parentUUID": "5fb2281c-32d4-4850-9d22-0e2acb04ff62",
              "isHook": false,
              "skipped": false
            }
          ],
          "suites": [],
          "passes": [
            "ec972bfe-0953-4151-b6cb-e17113aa5313",
            "274485b7-014a-4e5f-8180-a3530d5db299"
          ],
          "failures": [],
          "pending": [],
          "skipped": [],
          "duration": 1299,
          "root": false,
          "rootEmpty": false,
          "_timeout": 2000
        }
      ],
      "passes": [],
      "failures": [],
      "pending": [],
      "skipped": [],
      "duration": 0,
      "root": true,
      "rootEmpty": true,
      "_timeout": 2000
    }
  ],
  "meta": {
    "mocha": {
      "version": "7.0.1"
    },
    "mochawesome": {
      "options": {
        "quiet": false,
        "reportFilename": "mochawesome",
        "saveHtml": false,
        "saveJson": true,
        "consoleReporter": "spec",
        "useInlineDiffs": false,
        "code": true
      },
      "version": "6.2.2"
    },
    "marge": {
      "options": {
        "reportDir": "cypress/results/json",
        "overwrite": false,
        "html": false,
        "json": true
      },
      "version": "5.2.0"
    }
  }
}