{
  "stats": {
    "suites": 0,
    "tests": 2,
    "passes": 2,
    "pending": 0,
    "failures": 0,
    "start": "2021-03-08T14:59:41.062Z",
    "end": "2021-03-08T14:59:48.743Z",
    "duration": 7681,
    "testsRegistered": 2,
    "passPercent": 100,
    "pendingPercent": 0,
    "other": 0,
    "hasOther": false,
    "skipped": 0,
    "hasSkipped": false
  },
  "results": [
    {
      "uuid": "db235da8-7fe6-4c36-bee6-269cbac3b708",
      "title": "",
      "fullFile": "cypress\\integration\\fileupload_download.ts",
      "file": "cypress\\integration\\fileupload_download.ts",
      "beforeHooks": [],
      "afterHooks": [],
      "tests": [
        {
          "title": "File upload demo",
          "fullTitle": "File upload demo",
          "timedOut": null,
          "duration": 2972,
          "state": "passed",
          "speed": "slow",
          "pass": true,
          "fail": false,
          "pending": false,
          "context": null,
          "code": "// cy.visit('https://filebin.net/')\n// cy.get('#fileField').attachFile('photo.png');\ncy.visit('http://tinyupload.com/');\ncy.get('[name=\"uploaded_file\"]').attachFile('photo.png');",
          "err": {},
          "uuid": "8cab8de4-ad26-4ab2-82ec-e4c750e234c2",
          "parentUUID": "db235da8-7fe6-4c36-bee6-269cbac3b708",
          "isHook": false,
          "skipped": false
        },
        {
          "title": "file download demo",
          "fullTitle": "file download demo",
          "timedOut": null,
          "duration": 598,
          "state": "passed",
          "speed": "slow",
          "pass": true,
          "fail": false,
          "pending": false,
          "context": null,
          "code": "cy.downloadFile('https://upload.wikimedia.org/wikipedia/en/a/a9/Example.jpg', 'mydownloads', 'example.jpg');",
          "err": {},
          "uuid": "d061d7c5-82e7-4447-8f65-0d11eb83503a",
          "parentUUID": "db235da8-7fe6-4c36-bee6-269cbac3b708",
          "isHook": false,
          "skipped": false
        }
      ],
      "suites": [],
      "passes": [
        "8cab8de4-ad26-4ab2-82ec-e4c750e234c2",
        "d061d7c5-82e7-4447-8f65-0d11eb83503a"
      ],
      "failures": [],
      "pending": [],
      "skipped": [],
      "duration": 3570,
      "root": true,
      "rootEmpty": false,
      "_timeout": 2000
    }
  ],
  "meta": {
    "mocha": {
      "version": "7.0.1"
    },
    "mochawesome": {
      "options": {
        "quiet": false,
        "reportFilename": "mochawesome",
        "saveHtml": false,
        "saveJson": true,
        "consoleReporter": "spec",
        "useInlineDiffs": false,
        "code": true
      },
      "version": "6.2.2"
    },
    "marge": {
      "options": {
        "reportDir": "cypress/results/json",
        "overwrite": false,
        "html": false,
        "json": true
      },
      "version": "5.2.0"
    }
  }
}