{
  "stats": {
    "suites": 1,
    "tests": 1,
    "passes": 1,
    "pending": 0,
    "failures": 0,
    "start": "2021-03-07T11:54:11.182Z",
    "end": "2021-03-07T11:54:11.911Z",
    "duration": 729,
    "testsRegistered": 1,
    "passPercent": 100,
    "pendingPercent": 0,
    "other": 0,
    "hasOther": false,
    "skipped": 0,
    "hasSkipped": false
  },
  "results": [
    {
      "uuid": "5e7c5fa2-72b1-4438-8e0e-e31bf4526268",
      "title": "",
      "fullFile": "cypress\\integration\\api\\api_test_1_spec.js",
      "file": "cypress\\integration\\api\\api_test_1_spec.js",
      "beforeHooks": [],
      "afterHooks": [],
      "tests": [],
      "suites": [
        {
          "uuid": "4213c778-b686-435c-9369-56788fafb759",
          "title": "All API tests",
          "fullFile": "",
          "file": "",
          "beforeHooks": [],
          "afterHooks": [],
          "tests": [
            {
              "title": "POST 1",
              "fullTitle": "All API tests POST 1",
              "timedOut": null,
              "duration": 679,
              "state": "passed",
              "speed": "slow",
              "pass": true,
              "fail": false,
              "pending": false,
              "context": null,
              "code": "cy.request('GET', 'https://reqres.in/api/users?page=2').then(function (response) {\n  expect(response).to.have.property('status', 200);\n});",
              "err": {},
              "uuid": "da542c9e-5e1c-4dc6-9da1-ff4d18e4dc36",
              "parentUUID": "4213c778-b686-435c-9369-56788fafb759",
              "isHook": false,
              "skipped": false
            }
          ],
          "suites": [],
          "passes": [
            "da542c9e-5e1c-4dc6-9da1-ff4d18e4dc36"
          ],
          "failures": [],
          "pending": [],
          "skipped": [],
          "duration": 679,
          "root": false,
          "rootEmpty": false,
          "_timeout": 2000
        }
      ],
      "passes": [],
      "failures": [],
      "pending": [],
      "skipped": [],
      "duration": 0,
      "root": true,
      "rootEmpty": true,
      "_timeout": 2000
    }
  ],
  "meta": {
    "mocha": {
      "version": "7.0.1"
    },
    "mochawesome": {
      "options": {
        "quiet": false,
        "reportFilename": "mochawesome",
        "saveHtml": false,
        "saveJson": true,
        "consoleReporter": "spec",
        "useInlineDiffs": false,
        "code": true
      },
      "version": "6.2.2"
    },
    "marge": {
      "options": {
        "reportDir": "cypress/results/json",
        "overwrite": false,
        "html": false,
        "json": true
      },
      "version": "5.2.0"
    }
  }
}