{
  "stats": {
    "suites": 0,
    "tests": 2,
    "passes": 2,
    "pending": 0,
    "failures": 0,
    "start": "2021-03-08T13:31:51.726Z",
    "end": "2021-03-08T13:32:04.124Z",
    "duration": 12398,
    "testsRegistered": 2,
    "passPercent": 100,
    "pendingPercent": 0,
    "other": 0,
    "hasOther": false,
    "skipped": 0,
    "hasSkipped": false
  },
  "results": [
    {
      "uuid": "e51aefc8-5ed8-422b-bed7-01a58391161a",
      "title": "",
      "fullFile": "cypress\\integration\\fileupload_download.ts",
      "file": "cypress\\integration\\fileupload_download.ts",
      "beforeHooks": [],
      "afterHooks": [],
      "tests": [
        {
          "title": "File upload demo",
          "fullTitle": "File upload demo",
          "timedOut": null,
          "duration": 4387,
          "state": "passed",
          "speed": "slow",
          "pass": true,
          "fail": false,
          "pending": false,
          "context": null,
          "code": "// cy.visit('https://filebin.net/')\n// cy.get('#fileField').attachFile('photo.png');\ncy.visit('http://tinyupload.com/');\ncy.get('[name=\"uploaded_file\"]').attachFile('photo.png');",
          "err": {},
          "uuid": "027c5677-8e9e-4eeb-b195-d6d81c180343",
          "parentUUID": "e51aefc8-5ed8-422b-bed7-01a58391161a",
          "isHook": false,
          "skipped": false
        },
        {
          "title": "file download demo",
          "fullTitle": "file download demo",
          "timedOut": null,
          "duration": 951,
          "state": "passed",
          "speed": "slow",
          "pass": true,
          "fail": false,
          "pending": false,
          "context": null,
          "code": "cy.downloadFile('https://upload.wikimedia.org/wikipedia/en/a/a9/Example.jpg', 'mydownloads', 'example.jpg');",
          "err": {},
          "uuid": "a32fe730-d579-41e4-bb46-53d9e91914c5",
          "parentUUID": "e51aefc8-5ed8-422b-bed7-01a58391161a",
          "isHook": false,
          "skipped": false
        }
      ],
      "suites": [],
      "passes": [
        "027c5677-8e9e-4eeb-b195-d6d81c180343",
        "a32fe730-d579-41e4-bb46-53d9e91914c5"
      ],
      "failures": [],
      "pending": [],
      "skipped": [],
      "duration": 5338,
      "root": true,
      "rootEmpty": false,
      "_timeout": 2000
    }
  ],
  "meta": {
    "mocha": {
      "version": "7.0.1"
    },
    "mochawesome": {
      "options": {
        "quiet": false,
        "reportFilename": "mochawesome",
        "saveHtml": false,
        "saveJson": true,
        "consoleReporter": "spec",
        "useInlineDiffs": false,
        "code": true
      },
      "version": "6.2.2"
    },
    "marge": {
      "options": {
        "reportDir": "cypress/results/json",
        "overwrite": false,
        "html": false,
        "json": true
      },
      "version": "5.2.0"
    }
  }
}