{
  "stats": {
    "suites": 1,
    "tests": 2,
    "passes": 2,
    "pending": 0,
    "failures": 0,
    "start": "2021-03-08T13:32:30.479Z",
    "end": "2021-03-08T13:32:37.333Z",
    "duration": 6854,
    "testsRegistered": 2,
    "passPercent": 100,
    "pendingPercent": 0,
    "other": 0,
    "hasOther": false,
    "skipped": 0,
    "hasSkipped": false
  },
  "results": [
    {
      "uuid": "3fb66ca4-196a-45fc-b222-dd3a7bdd6e15",
      "title": "",
      "fullFile": "cypress\\integration\\login.ts",
      "file": "cypress\\integration\\login.ts",
      "beforeHooks": [],
      "afterHooks": [],
      "tests": [],
      "suites": [
        {
          "uuid": "58b2c54d-0a96-452e-801c-9e43e98f3616",
          "title": "All login tests",
          "fullFile": "",
          "file": "",
          "beforeHooks": [],
          "afterHooks": [],
          "tests": [
            {
              "title": "login test - valid creds",
              "fullTitle": "All login tests login test - valid creds",
              "timedOut": null,
              "duration": 1089,
              "state": "passed",
              "speed": "slow",
              "pass": true,
              "fail": false,
              "pending": false,
              "context": null,
              "code": "//loginPage.loginWithValidCredentials('test', 'test')",
              "err": {},
              "uuid": "7542a520-f0b6-4239-9ed2-eadf08f30239",
              "parentUUID": "58b2c54d-0a96-452e-801c-9e43e98f3616",
              "isHook": false,
              "skipped": false
            },
            {
              "title": "login test - invalid creds",
              "fullTitle": "All login tests login test - invalid creds",
              "timedOut": null,
              "duration": 409,
              "state": "passed",
              "speed": "slow",
              "pass": true,
              "fail": false,
              "pending": false,
              "context": null,
              "code": "//loginPage.loginWithInvalidCredentials('abc','123');",
              "err": {},
              "uuid": "703ad9e6-ef21-4b9e-b828-0ff93c7173bc",
              "parentUUID": "58b2c54d-0a96-452e-801c-9e43e98f3616",
              "isHook": false,
              "skipped": false
            }
          ],
          "suites": [],
          "passes": [
            "7542a520-f0b6-4239-9ed2-eadf08f30239",
            "703ad9e6-ef21-4b9e-b828-0ff93c7173bc"
          ],
          "failures": [],
          "pending": [],
          "skipped": [],
          "duration": 1498,
          "root": false,
          "rootEmpty": false,
          "_timeout": 2000
        }
      ],
      "passes": [],
      "failures": [],
      "pending": [],
      "skipped": [],
      "duration": 0,
      "root": true,
      "rootEmpty": true,
      "_timeout": 2000
    }
  ],
  "meta": {
    "mocha": {
      "version": "7.0.1"
    },
    "mochawesome": {
      "options": {
        "quiet": false,
        "reportFilename": "mochawesome",
        "saveHtml": false,
        "saveJson": true,
        "consoleReporter": "spec",
        "useInlineDiffs": false,
        "code": true
      },
      "version": "6.2.2"
    },
    "marge": {
      "options": {
        "reportDir": "cypress/results/json",
        "overwrite": false,
        "html": false,
        "json": true
      },
      "version": "5.2.0"
    }
  }
}